{
"timestamp": "Mon Jan 22 17:54:37 2024",
"filename": "Sample",
"detector": {
  "mode": 0,
  "panel_size": {"width": 768, "height": 960},
  "physical_size": {"width": 195, "height": 244, "unit": "mm" },
  "image_size": {"width": 145, "height": 951},
  "ROI": {"left": 248, "top": 2, "right": 393, "bottom": 953},
  "fps": 30,
  "file format": "SEQ",
  "rotate": 0,
  "columns": ["Frame #", "Timestamp"],
  "columns units": [ "1" ,"us"],
  "frames": [    [0, 980009186081],
    [1, 980009244369],
    [2, 980009267473],
    [3, 980009286371],
    [4, 980009310991],
    [5, 980009344535],
    [6, 980009377595],
    [7, 980009410995],
    [8, 980009444319],
    [9, 980009477650],
    [10, 980009511045],
    [11, 980009544584],
    [12, 980009577715],
    [13, 980009610973],
    [14, 980009644405],
    [15, 980009677704],
    [16, 980009711037],
    [17, 980009744603],
    [18, 980009777730],
    [19, 980009810960],
    [20, 980009844309],
    [21, 980009877769],
    [22, 980009911040],
    [23, 980009944445],
    [24, 980009977748],
    [25, 980010010968],
    [26, 980010044345],
    [27, 980010077668],
    [28, 980010110991],
    [29, 980010144402],
    [30, 980010177677],
    [31, 980010210974],
    [32, 980010244308],
    [33, 980010277699],
    [34, 980010311132],
    [35, 980010344269],
    [36, 980010377592],
    [37, 980010410939],
    [38, 980010444386],
    [39, 980010477722],
    [40, 980010510985],
    [41, 980010544398],
    [42, 980010577712],
    [43, 980010610993],
    [44, 980010644319],
    [45, 980010677678],
    [46, 980010710968],
    [47, 980010744357],
    [48, 980010777725],
    [49, 980010810987],
    [50, 980010844345],
    [51, 980010877625],
    [52, 980010910940],
    [53, 980010944259],
    [54, 980010977707],
    [55, 980011011101],
    [56, 980011044369],
    [57, 980011077708],
    [58, 980011111005],
    [59, 980011144412],
    [60, 980011177848],
    [61, 980011210987],
    [62, 980011244287],
    [63, 980011277728],
    [64, 980011311014],
    [65, 980011344447],
    [66, 980011377633],
    [67, 980011410965],
    [68, 980011444407],
    [69, 980011477837],
    [70, 980011511121],
    [71, 980011544421],
    [72, 980011577790],
    [73, 980011610996],
    [74, 980011644531],
    [75, 980011677855],
    [76, 980011710986],
    [77, 980011744413],
    [78, 980011777704],
    [79, 980011811062],
    [80, 980011844442],
    [81, 980011877676],
    [82, 980011911011],
    [83, 980011944304],
    [84, 980011977772],
    [85, 980012011170],
    [86, 980012044411],
    [87, 980012077794],
    [88, 980012111114],
    [89, 980012144467],
    [90, 980012177812],
    [91, 980012211121],
    [92, 980012244482],
    [93, 980012277680],
    [94, 980012311029],
    [95, 980012344403],
    [96, 980012377677],
    [97, 980012411108],
    [98, 980012444411],
    [99, 980012477179],
    [100, 980012510676],
    [101, 980012544031],
    [102, 980012577498],
    [103, 980012610708],
    [104, 980012644145],
    [105, 980012677401],
    [106, 980012710779],
    [107, 980012744142],
    [108, 980012777518],
    [109, 980012810791],
    [110, 980012844173],
    [111, 980012877451],
    [112, 980012910798],
    [113, 980012944176],
    [114, 980012977468],
    [115, 980013010802],
    [116, 980013044164],
    [117, 980013077467],
    [118, 980013110722],
    [119, 980013144171],
    [120, 980013177501],
    [121, 980013210770],
    [122, 980013244193],
    [123, 980013277545],
    [124, 980013310825],
    [125, 980013344162],
    [126, 980013377533],
    [127, 980013410793],
    [128, 980013444174],
    [129, 980013477523],
    [130, 980013510767],
    [131, 980013544201],
    [132, 980013577504],
    [133, 980013610819],
    [134, 980013644209],
    [135, 980013677485],
    [136, 980013710853],
    [137, 980013744173],
    [138, 980013777524],
    [139, 980013810779],
    [140, 980013844184],
    [141, 980013877653],
    [142, 980013910789],
    [143, 980013944145],
    [144, 980013977524],
    [145, 980014010794],
    [146, 980014044199],
    [147, 980014077554],
    [148, 980014110838],
    [149, 980014144235]
]
}}
